<?xml version="1.0" encoding="UTF-8"?>
<testsuite xmlns:xsi="http://www.w3.org/2001/XMLSchema-instance" xsi:noNamespaceSchemaLocation="https://maven.apache.org/surefire/maven-surefire-plugin/xsd/surefire-test-report-3.0.xsd" version="3.0" name="fr.sii.register.RegisterApplicationTests" time="4.849" tests="1" errors="0" skipped="0" failures="0">
  <properties>
    <property name="java.specification.version" value="17"/>
    <property name="sun.cpu.isalist" value="amd64"/>
    <property name="sun.jnu.encoding" value="Cp1252"/>
    <property name="java.class.path" value="D:\Users\tom.poyeau\Documents\Projets\Enregistremans\register\target\test-classes;D:\Users\tom.poyeau\Documents\Projets\Enregistremans\register\target\classes;D:\Users\tom.poyeau\.m2\repository\org\springframework\boot\spring-boot-starter-web\3.1.4\spring-boot-starter-web-3.1.4.jar;D:\Users\tom.poyeau\.m2\repository\org\springframework\boot\spring-boot-starter\3.1.4\spring-boot-starter-3.1.4.jar;D:\Users\tom.poyeau\.m2\repository\org\springframework\boot\spring-boot\3.1.4\spring-boot-3.1.4.jar;D:\Users\tom.poyeau\.m2\repository\org\springframework\boot\spring-boot-autoconfigure\3.1.4\spring-boot-autoconfigure-3.1.4.jar;D:\Users\tom.poyeau\.m2\repository\org\springframework\boot\spring-boot-starter-logging\3.1.4\spring-boot-starter-logging-3.1.4.jar;D:\Users\tom.poyeau\.m2\repository\ch\qos\logback\logback-classic\1.4.11\logback-classic-1.4.11.jar;D:\Users\tom.poyeau\.m2\repository\ch\qos\logback\logback-core\1.4.11\logback-core-1.4.11.jar;D:\Users\tom.poyeau\.m2\repository\org\apache\logging\log4j\log4j-to-slf4j\2.20.0\log4j-to-slf4j-2.20.0.jar;D:\Users\tom.poyeau\.m2\repository\org\apache\logging\log4j\log4j-api\2.20.0\log4j-api-2.20.0.jar;D:\Users\tom.poyeau\.m2\repository\org\slf4j\jul-to-slf4j\2.0.9\jul-to-slf4j-2.0.9.jar;D:\Users\tom.poyeau\.m2\repository\jakarta\annotation\jakarta.annotation-api\2.1.1\jakarta.annotation-api-2.1.1.jar;D:\Users\tom.poyeau\.m2\repository\org\yaml\snakeyaml\1.33\snakeyaml-1.33.jar;D:\Users\tom.poyeau\.m2\repository\org\springframework\boot\spring-boot-starter-json\3.1.4\spring-boot-starter-json-3.1.4.jar;D:\Users\tom.poyeau\.m2\repository\com\fasterxml\jackson\core\jackson-databind\2.15.2\jackson-databind-2.15.2.jar;D:\Users\tom.poyeau\.m2\repository\com\fasterxml\jackson\core\jackson-annotations\2.15.2\jackson-annotations-2.15.2.jar;D:\Users\tom.poyeau\.m2\repository\com\fasterxml\jackson\core\jackson-core\2.15.2\jackson-core-2.15.2.jar;D:\Users\tom.poyeau\.m2\repository\com\fasterxml\jackson\datatype\jackson-datatype-jdk8\2.15.2\jackson-datatype-jdk8-2.15.2.jar;D:\Users\tom.poyeau\.m2\repository\com\fasterxml\jackson\datatype\jackson-datatype-jsr310\2.15.2\jackson-datatype-jsr310-2.15.2.jar;D:\Users\tom.poyeau\.m2\repository\com\fasterxml\jackson\module\jackson-module-parameter-names\2.15.2\jackson-module-parameter-names-2.15.2.jar;D:\Users\tom.poyeau\.m2\repository\org\springframework\boot\spring-boot-starter-tomcat\3.1.4\spring-boot-starter-tomcat-3.1.4.jar;D:\Users\tom.poyeau\.m2\repository\org\apache\tomcat\embed\tomcat-embed-core\10.1.13\tomcat-embed-core-10.1.13.jar;D:\Users\tom.poyeau\.m2\repository\org\apache\tomcat\embed\tomcat-embed-el\10.1.13\tomcat-embed-el-10.1.13.jar;D:\Users\tom.poyeau\.m2\repository\org\apache\tomcat\embed\tomcat-embed-websocket\10.1.13\tomcat-embed-websocket-10.1.13.jar;D:\Users\tom.poyeau\.m2\repository\org\springframework\spring-web\6.0.12\spring-web-6.0.12.jar;D:\Users\tom.poyeau\.m2\repository\org\springframework\spring-beans\6.0.12\spring-beans-6.0.12.jar;D:\Users\tom.poyeau\.m2\repository\io\micrometer\micrometer-observation\1.11.4\micrometer-observation-1.11.4.jar;D:\Users\tom.poyeau\.m2\repository\io\micrometer\micrometer-commons\1.11.4\micrometer-commons-1.11.4.jar;D:\Users\tom.poyeau\.m2\repository\org\springframework\spring-webmvc\6.0.12\spring-webmvc-6.0.12.jar;D:\Users\tom.poyeau\.m2\repository\org\springframework\spring-aop\6.0.12\spring-aop-6.0.12.jar;D:\Users\tom.poyeau\.m2\repository\org\springframework\spring-context\6.0.12\spring-context-6.0.12.jar;D:\Users\tom.poyeau\.m2\repository\org\springframework\spring-expression\6.0.12\spring-expression-6.0.12.jar;D:\Users\tom.poyeau\.m2\repository\com\mysql\mysql-connector-j\8.0.33\mysql-connector-j-8.0.33.jar;D:\Users\tom.poyeau\.m2\repository\org\springframework\boot\spring-boot-starter-data-jpa\3.1.4\spring-boot-starter-data-jpa-3.1.4.jar;D:\Users\tom.poyeau\.m2\repository\org\springframework\boot\spring-boot-starter-aop\3.1.4\spring-boot-starter-aop-3.1.4.jar;D:\Users\tom.poyeau\.m2\repository\org\aspectj\aspectjweaver\1.9.20\aspectjweaver-1.9.20.jar;D:\Users\tom.poyeau\.m2\repository\org\springframework\boot\spring-boot-starter-jdbc\3.1.4\spring-boot-starter-jdbc-3.1.4.jar;D:\Users\tom.poyeau\.m2\repository\com\zaxxer\HikariCP\5.0.1\HikariCP-5.0.1.jar;D:\Users\tom.poyeau\.m2\repository\org\springframework\spring-jdbc\6.0.12\spring-jdbc-6.0.12.jar;D:\Users\tom.poyeau\.m2\repository\org\hibernate\orm\hibernate-core\6.2.9.Final\hibernate-core-6.2.9.Final.jar;D:\Users\tom.poyeau\.m2\repository\jakarta\persistence\jakarta.persistence-api\3.1.0\jakarta.persistence-api-3.1.0.jar;D:\Users\tom.poyeau\.m2\repository\jakarta\transaction\jakarta.transaction-api\2.0.1\jakarta.transaction-api-2.0.1.jar;D:\Users\tom.poyeau\.m2\repository\org\jboss\logging\jboss-logging\3.5.3.Final\jboss-logging-3.5.3.Final.jar;D:\Users\tom.poyeau\.m2\repository\org\hibernate\common\hibernate-commons-annotations\6.0.6.Final\hibernate-commons-annotations-6.0.6.Final.jar;D:\Users\tom.poyeau\.m2\repository\io\smallrye\jandex\3.0.5\jandex-3.0.5.jar;D:\Users\tom.poyeau\.m2\repository\com\fasterxml\classmate\1.5.1\classmate-1.5.1.jar;D:\Users\tom.poyeau\.m2\repository\net\bytebuddy\byte-buddy\1.14.8\byte-buddy-1.14.8.jar;D:\Users\tom.poyeau\.m2\repository\org\glassfish\jaxb\jaxb-runtime\4.0.3\jaxb-runtime-4.0.3.jar;D:\Users\tom.poyeau\.m2\repository\org\glassfish\jaxb\jaxb-core\4.0.3\jaxb-core-4.0.3.jar;D:\Users\tom.poyeau\.m2\repository\org\eclipse\angus\angus-activation\2.0.1\angus-activation-2.0.1.jar;D:\Users\tom.poyeau\.m2\repository\org\glassfish\jaxb\txw2\4.0.3\txw2-4.0.3.jar;D:\Users\tom.poyeau\.m2\repository\com\sun\istack\istack-commons-runtime\4.1.2\istack-commons-runtime-4.1.2.jar;D:\Users\tom.poyeau\.m2\repository\jakarta\inject\jakarta.inject-api\2.0.1\jakarta.inject-api-2.0.1.jar;D:\Users\tom.poyeau\.m2\repository\org\antlr\antlr4-runtime\4.10.1\antlr4-runtime-4.10.1.jar;D:\Users\tom.poyeau\.m2\repository\org\springframework\data\spring-data-jpa\3.1.4\spring-data-jpa-3.1.4.jar;D:\Users\tom.poyeau\.m2\repository\org\springframework\data\spring-data-commons\3.1.4\spring-data-commons-3.1.4.jar;D:\Users\tom.poyeau\.m2\repository\org\springframework\spring-orm\6.0.12\spring-orm-6.0.12.jar;D:\Users\tom.poyeau\.m2\repository\org\springframework\spring-tx\6.0.12\spring-tx-6.0.12.jar;D:\Users\tom.poyeau\.m2\repository\org\slf4j\slf4j-api\2.0.9\slf4j-api-2.0.9.jar;D:\Users\tom.poyeau\.m2\repository\org\springframework\spring-aspects\6.0.12\spring-aspects-6.0.12.jar;D:\Users\tom.poyeau\.m2\repository\org\apache\derby\derby\10.15.2.0\derby-10.15.2.0.jar;D:\Users\tom.poyeau\.m2\repository\org\apache\derby\derbyshared\10.16.1.1\derbyshared-10.16.1.1.jar;D:\Users\tom.poyeau\.m2\repository\com\h2database\h2\2.1.214\h2-2.1.214.jar;D:\Users\tom.poyeau\.m2\repository\org\springframework\boot\spring-boot-starter-test\3.1.4\spring-boot-starter-test-3.1.4.jar;D:\Users\tom.poyeau\.m2\repository\org\springframework\boot\spring-boot-test\3.1.4\spring-boot-test-3.1.4.jar;D:\Users\tom.poyeau\.m2\repository\org\springframework\boot\spring-boot-test-autoconfigure\3.1.4\spring-boot-test-autoconfigure-3.1.4.jar;D:\Users\tom.poyeau\.m2\repository\com\jayway\jsonpath\json-path\2.8.0\json-path-2.8.0.jar;D:\Users\tom.poyeau\.m2\repository\jakarta\xml\bind\jakarta.xml.bind-api\4.0.1\jakarta.xml.bind-api-4.0.1.jar;D:\Users\tom.poyeau\.m2\repository\jakarta\activation\jakarta.activation-api\2.1.2\jakarta.activation-api-2.1.2.jar;D:\Users\tom.poyeau\.m2\repository\net\minidev\json-smart\2.4.11\json-smart-2.4.11.jar;D:\Users\tom.poyeau\.m2\repository\net\minidev\accessors-smart\2.4.11\accessors-smart-2.4.11.jar;D:\Users\tom.poyeau\.m2\repository\org\ow2\asm\asm\9.3\asm-9.3.jar;D:\Users\tom.poyeau\.m2\repository\org\assertj\assertj-core\3.24.2\assertj-core-3.24.2.jar;D:\Users\tom.poyeau\.m2\repository\org\hamcrest\hamcrest\2.2\hamcrest-2.2.jar;D:\Users\tom.poyeau\.m2\repository\org\junit\jupiter\junit-jupiter\5.9.3\junit-jupiter-5.9.3.jar;D:\Users\tom.poyeau\.m2\repository\org\junit\jupiter\junit-jupiter-api\5.9.3\junit-jupiter-api-5.9.3.jar;D:\Users\tom.poyeau\.m2\repository\org\opentest4j\opentest4j\1.2.0\opentest4j-1.2.0.jar;D:\Users\tom.poyeau\.m2\repository\org\junit\platform\junit-platform-commons\1.9.3\junit-platform-commons-1.9.3.jar;D:\Users\tom.poyeau\.m2\repository\org\apiguardian\apiguardian-api\1.1.2\apiguardian-api-1.1.2.jar;D:\Users\tom.poyeau\.m2\repository\org\junit\jupiter\junit-jupiter-params\5.9.3\junit-jupiter-params-5.9.3.jar;D:\Users\tom.poyeau\.m2\repository\org\junit\jupiter\junit-jupiter-engine\5.9.3\junit-jupiter-engine-5.9.3.jar;D:\Users\tom.poyeau\.m2\repository\org\junit\platform\junit-platform-engine\1.9.3\junit-platform-engine-1.9.3.jar;D:\Users\tom.poyeau\.m2\repository\org\mockito\mockito-core\5.3.1\mockito-core-5.3.1.jar;D:\Users\tom.poyeau\.m2\repository\net\bytebuddy\byte-buddy-agent\1.14.8\byte-buddy-agent-1.14.8.jar;D:\Users\tom.poyeau\.m2\repository\org\objenesis\objenesis\3.3\objenesis-3.3.jar;D:\Users\tom.poyeau\.m2\repository\org\mockito\mockito-junit-jupiter\5.3.1\mockito-junit-jupiter-5.3.1.jar;D:\Users\tom.poyeau\.m2\repository\org\skyscreamer\jsonassert\1.5.1\jsonassert-1.5.1.jar;D:\Users\tom.poyeau\.m2\repository\com\vaadin\external\google\android-json\0.0.20131108.vaadin1\android-json-0.0.20131108.vaadin1.jar;D:\Users\tom.poyeau\.m2\repository\org\springframework\spring-core\6.0.12\spring-core-6.0.12.jar;D:\Users\tom.poyeau\.m2\repository\org\springframework\spring-jcl\6.0.12\spring-jcl-6.0.12.jar;D:\Users\tom.poyeau\.m2\repository\org\springframework\spring-test\6.0.12\spring-test-6.0.12.jar;D:\Users\tom.poyeau\.m2\repository\org\xmlunit\xmlunit-core\2.9.1\xmlunit-core-2.9.1.jar;"/>
    <property name="java.vm.vendor" value="Amazon.com Inc."/>
    <property name="sun.arch.data.model" value="64"/>
    <property name="user.variant" value=""/>
    <property name="java.vendor.url" value="https://aws.amazon.com/corretto/"/>
    <property name="user.timezone" value="Europe/Paris"/>
    <property name="org.jboss.logging.provider" value="slf4j"/>
    <property name="os.name" value="Windows 10"/>
    <property name="java.vm.specification.version" value="17"/>
    <property name="sun.java.launcher" value="SUN_STANDARD"/>
    <property name="user.country" value="FR"/>
    <property name="sun.boot.library.path" value="D:\Users\tom.poyeau\.jdks\corretto-17.0.8.1\bin"/>
    <property name="sun.java.command" value="D:\Users\tom.poyeau\AppData\Local\Temp\surefire12283634197312779317\surefirebooter-20231010103903155_3.jar D:\Users\tom.poyeau\AppData\Local\Temp\surefire12283634197312779317 2023-10-10T10-39-01_813-jvmRun1 surefire-20231010103903155_1tmp surefire_0-20231010103903155_2tmp"/>
    <property name="jdk.debug" value="release"/>
    <property name="surefire.test.class.path" value="D:\Users\tom.poyeau\Documents\Projets\Enregistremans\register\target\test-classes;D:\Users\tom.poyeau\Documents\Projets\Enregistremans\register\target\classes;D:\Users\tom.poyeau\.m2\repository\org\springframework\boot\spring-boot-starter-web\3.1.4\spring-boot-starter-web-3.1.4.jar;D:\Users\tom.poyeau\.m2\repository\org\springframework\boot\spring-boot-starter\3.1.4\spring-boot-starter-3.1.4.jar;D:\Users\tom.poyeau\.m2\repository\org\springframework\boot\spring-boot\3.1.4\spring-boot-3.1.4.jar;D:\Users\tom.poyeau\.m2\repository\org\springframework\boot\spring-boot-autoconfigure\3.1.4\spring-boot-autoconfigure-3.1.4.jar;D:\Users\tom.poyeau\.m2\repository\org\springframework\boot\spring-boot-starter-logging\3.1.4\spring-boot-starter-logging-3.1.4.jar;D:\Users\tom.poyeau\.m2\repository\ch\qos\logback\logback-classic\1.4.11\logback-classic-1.4.11.jar;D:\Users\tom.poyeau\.m2\repository\ch\qos\logback\logback-core\1.4.11\logback-core-1.4.11.jar;D:\Users\tom.poyeau\.m2\repository\org\apache\logging\log4j\log4j-to-slf4j\2.20.0\log4j-to-slf4j-2.20.0.jar;D:\Users\tom.poyeau\.m2\repository\org\apache\logging\log4j\log4j-api\2.20.0\log4j-api-2.20.0.jar;D:\Users\tom.poyeau\.m2\repository\org\slf4j\jul-to-slf4j\2.0.9\jul-to-slf4j-2.0.9.jar;D:\Users\tom.poyeau\.m2\repository\jakarta\annotation\jakarta.annotation-api\2.1.1\jakarta.annotation-api-2.1.1.jar;D:\Users\tom.poyeau\.m2\repository\org\yaml\snakeyaml\1.33\snakeyaml-1.33.jar;D:\Users\tom.poyeau\.m2\repository\org\springframework\boot\spring-boot-starter-json\3.1.4\spring-boot-starter-json-3.1.4.jar;D:\Users\tom.poyeau\.m2\repository\com\fasterxml\jackson\core\jackson-databind\2.15.2\jackson-databind-2.15.2.jar;D:\Users\tom.poyeau\.m2\repository\com\fasterxml\jackson\core\jackson-annotations\2.15.2\jackson-annotations-2.15.2.jar;D:\Users\tom.poyeau\.m2\repository\com\fasterxml\jackson\core\jackson-core\2.15.2\jackson-core-2.15.2.jar;D:\Users\tom.poyeau\.m2\repository\com\fasterxml\jackson\datatype\jackson-datatype-jdk8\2.15.2\jackson-datatype-jdk8-2.15.2.jar;D:\Users\tom.poyeau\.m2\repository\com\fasterxml\jackson\datatype\jackson-datatype-jsr310\2.15.2\jackson-datatype-jsr310-2.15.2.jar;D:\Users\tom.poyeau\.m2\repository\com\fasterxml\jackson\module\jackson-module-parameter-names\2.15.2\jackson-module-parameter-names-2.15.2.jar;D:\Users\tom.poyeau\.m2\repository\org\springframework\boot\spring-boot-starter-tomcat\3.1.4\spring-boot-starter-tomcat-3.1.4.jar;D:\Users\tom.poyeau\.m2\repository\org\apache\tomcat\embed\tomcat-embed-core\10.1.13\tomcat-embed-core-10.1.13.jar;D:\Users\tom.poyeau\.m2\repository\org\apache\tomcat\embed\tomcat-embed-el\10.1.13\tomcat-embed-el-10.1.13.jar;D:\Users\tom.poyeau\.m2\repository\org\apache\tomcat\embed\tomcat-embed-websocket\10.1.13\tomcat-embed-websocket-10.1.13.jar;D:\Users\tom.poyeau\.m2\repository\org\springframework\spring-web\6.0.12\spring-web-6.0.12.jar;D:\Users\tom.poyeau\.m2\repository\org\springframework\spring-beans\6.0.12\spring-beans-6.0.12.jar;D:\Users\tom.poyeau\.m2\repository\io\micrometer\micrometer-observation\1.11.4\micrometer-observation-1.11.4.jar;D:\Users\tom.poyeau\.m2\repository\io\micrometer\micrometer-commons\1.11.4\micrometer-commons-1.11.4.jar;D:\Users\tom.poyeau\.m2\repository\org\springframework\spring-webmvc\6.0.12\spring-webmvc-6.0.12.jar;D:\Users\tom.poyeau\.m2\repository\org\springframework\spring-aop\6.0.12\spring-aop-6.0.12.jar;D:\Users\tom.poyeau\.m2\repository\org\springframework\spring-context\6.0.12\spring-context-6.0.12.jar;D:\Users\tom.poyeau\.m2\repository\org\springframework\spring-expression\6.0.12\spring-expression-6.0.12.jar;D:\Users\tom.poyeau\.m2\repository\com\mysql\mysql-connector-j\8.0.33\mysql-connector-j-8.0.33.jar;D:\Users\tom.poyeau\.m2\repository\org\springframework\boot\spring-boot-starter-data-jpa\3.1.4\spring-boot-starter-data-jpa-3.1.4.jar;D:\Users\tom.poyeau\.m2\repository\org\springframework\boot\spring-boot-starter-aop\3.1.4\spring-boot-starter-aop-3.1.4.jar;D:\Users\tom.poyeau\.m2\repository\org\aspectj\aspectjweaver\1.9.20\aspectjweaver-1.9.20.jar;D:\Users\tom.poyeau\.m2\repository\org\springframework\boot\spring-boot-starter-jdbc\3.1.4\spring-boot-starter-jdbc-3.1.4.jar;D:\Users\tom.poyeau\.m2\repository\com\zaxxer\HikariCP\5.0.1\HikariCP-5.0.1.jar;D:\Users\tom.poyeau\.m2\repository\org\springframework\spring-jdbc\6.0.12\spring-jdbc-6.0.12.jar;D:\Users\tom.poyeau\.m2\repository\org\hibernate\orm\hibernate-core\6.2.9.Final\hibernate-core-6.2.9.Final.jar;D:\Users\tom.poyeau\.m2\repository\jakarta\persistence\jakarta.persistence-api\3.1.0\jakarta.persistence-api-3.1.0.jar;D:\Users\tom.poyeau\.m2\repository\jakarta\transaction\jakarta.transaction-api\2.0.1\jakarta.transaction-api-2.0.1.jar;D:\Users\tom.poyeau\.m2\repository\org\jboss\logging\jboss-logging\3.5.3.Final\jboss-logging-3.5.3.Final.jar;D:\Users\tom.poyeau\.m2\repository\org\hibernate\common\hibernate-commons-annotations\6.0.6.Final\hibernate-commons-annotations-6.0.6.Final.jar;D:\Users\tom.poyeau\.m2\repository\io\smallrye\jandex\3.0.5\jandex-3.0.5.jar;D:\Users\tom.poyeau\.m2\repository\com\fasterxml\classmate\1.5.1\classmate-1.5.1.jar;D:\Users\tom.poyeau\.m2\repository\net\bytebuddy\byte-buddy\1.14.8\byte-buddy-1.14.8.jar;D:\Users\tom.poyeau\.m2\repository\org\glassfish\jaxb\jaxb-runtime\4.0.3\jaxb-runtime-4.0.3.jar;D:\Users\tom.poyeau\.m2\repository\org\glassfish\jaxb\jaxb-core\4.0.3\jaxb-core-4.0.3.jar;D:\Users\tom.poyeau\.m2\repository\org\eclipse\angus\angus-activation\2.0.1\angus-activation-2.0.1.jar;D:\Users\tom.poyeau\.m2\repository\org\glassfish\jaxb\txw2\4.0.3\txw2-4.0.3.jar;D:\Users\tom.poyeau\.m2\repository\com\sun\istack\istack-commons-runtime\4.1.2\istack-commons-runtime-4.1.2.jar;D:\Users\tom.poyeau\.m2\repository\jakarta\inject\jakarta.inject-api\2.0.1\jakarta.inject-api-2.0.1.jar;D:\Users\tom.poyeau\.m2\repository\org\antlr\antlr4-runtime\4.10.1\antlr4-runtime-4.10.1.jar;D:\Users\tom.poyeau\.m2\repository\org\springframework\data\spring-data-jpa\3.1.4\spring-data-jpa-3.1.4.jar;D:\Users\tom.poyeau\.m2\repository\org\springframework\data\spring-data-commons\3.1.4\spring-data-commons-3.1.4.jar;D:\Users\tom.poyeau\.m2\repository\org\springframework\spring-orm\6.0.12\spring-orm-6.0.12.jar;D:\Users\tom.poyeau\.m2\repository\org\springframework\spring-tx\6.0.12\spring-tx-6.0.12.jar;D:\Users\tom.poyeau\.m2\repository\org\slf4j\slf4j-api\2.0.9\slf4j-api-2.0.9.jar;D:\Users\tom.poyeau\.m2\repository\org\springframework\spring-aspects\6.0.12\spring-aspects-6.0.12.jar;D:\Users\tom.poyeau\.m2\repository\org\apache\derby\derby\10.15.2.0\derby-10.15.2.0.jar;D:\Users\tom.poyeau\.m2\repository\org\apache\derby\derbyshared\10.16.1.1\derbyshared-10.16.1.1.jar;D:\Users\tom.poyeau\.m2\repository\com\h2database\h2\2.1.214\h2-2.1.214.jar;D:\Users\tom.poyeau\.m2\repository\org\springframework\boot\spring-boot-starter-test\3.1.4\spring-boot-starter-test-3.1.4.jar;D:\Users\tom.poyeau\.m2\repository\org\springframework\boot\spring-boot-test\3.1.4\spring-boot-test-3.1.4.jar;D:\Users\tom.poyeau\.m2\repository\org\springframework\boot\spring-boot-test-autoconfigure\3.1.4\spring-boot-test-autoconfigure-3.1.4.jar;D:\Users\tom.poyeau\.m2\repository\com\jayway\jsonpath\json-path\2.8.0\json-path-2.8.0.jar;D:\Users\tom.poyeau\.m2\repository\jakarta\xml\bind\jakarta.xml.bind-api\4.0.1\jakarta.xml.bind-api-4.0.1.jar;D:\Users\tom.poyeau\.m2\repository\jakarta\activation\jakarta.activation-api\2.1.2\jakarta.activation-api-2.1.2.jar;D:\Users\tom.poyeau\.m2\repository\net\minidev\json-smart\2.4.11\json-smart-2.4.11.jar;D:\Users\tom.poyeau\.m2\repository\net\minidev\accessors-smart\2.4.11\accessors-smart-2.4.11.jar;D:\Users\tom.poyeau\.m2\repository\org\ow2\asm\asm\9.3\asm-9.3.jar;D:\Users\tom.poyeau\.m2\repository\org\assertj\assertj-core\3.24.2\assertj-core-3.24.2.jar;D:\Users\tom.poyeau\.m2\repository\org\hamcrest\hamcrest\2.2\hamcrest-2.2.jar;D:\Users\tom.poyeau\.m2\repository\org\junit\jupiter\junit-jupiter\5.9.3\junit-jupiter-5.9.3.jar;D:\Users\tom.poyeau\.m2\repository\org\junit\jupiter\junit-jupiter-api\5.9.3\junit-jupiter-api-5.9.3.jar;D:\Users\tom.poyeau\.m2\repository\org\opentest4j\opentest4j\1.2.0\opentest4j-1.2.0.jar;D:\Users\tom.poyeau\.m2\repository\org\junit\platform\junit-platform-commons\1.9.3\junit-platform-commons-1.9.3.jar;D:\Users\tom.poyeau\.m2\repository\org\apiguardian\apiguardian-api\1.1.2\apiguardian-api-1.1.2.jar;D:\Users\tom.poyeau\.m2\repository\org\junit\jupiter\junit-jupiter-params\5.9.3\junit-jupiter-params-5.9.3.jar;D:\Users\tom.poyeau\.m2\repository\org\junit\jupiter\junit-jupiter-engine\5.9.3\junit-jupiter-engine-5.9.3.jar;D:\Users\tom.poyeau\.m2\repository\org\junit\platform\junit-platform-engine\1.9.3\junit-platform-engine-1.9.3.jar;D:\Users\tom.poyeau\.m2\repository\org\mockito\mockito-core\5.3.1\mockito-core-5.3.1.jar;D:\Users\tom.poyeau\.m2\repository\net\bytebuddy\byte-buddy-agent\1.14.8\byte-buddy-agent-1.14.8.jar;D:\Users\tom.poyeau\.m2\repository\org\objenesis\objenesis\3.3\objenesis-3.3.jar;D:\Users\tom.poyeau\.m2\repository\org\mockito\mockito-junit-jupiter\5.3.1\mockito-junit-jupiter-5.3.1.jar;D:\Users\tom.poyeau\.m2\repository\org\skyscreamer\jsonassert\1.5.1\jsonassert-1.5.1.jar;D:\Users\tom.poyeau\.m2\repository\com\vaadin\external\google\android-json\0.0.20131108.vaadin1\android-json-0.0.20131108.vaadin1.jar;D:\Users\tom.poyeau\.m2\repository\org\springframework\spring-core\6.0.12\spring-core-6.0.12.jar;D:\Users\tom.poyeau\.m2\repository\org\springframework\spring-jcl\6.0.12\spring-jcl-6.0.12.jar;D:\Users\tom.poyeau\.m2\repository\org\springframework\spring-test\6.0.12\spring-test-6.0.12.jar;D:\Users\tom.poyeau\.m2\repository\org\xmlunit\xmlunit-core\2.9.1\xmlunit-core-2.9.1.jar;"/>
    <property name="sun.cpu.endian" value="little"/>
    <property name="user.home" value="D:\Users\tom.poyeau"/>
    <property name="user.language" value="fr"/>
    <property name="java.specification.vendor" value="Oracle Corporation"/>
    <property name="java.version.date" value="2023-08-22"/>
    <property name="java.home" value="D:\Users\tom.poyeau\.jdks\corretto-17.0.8.1"/>
    <property name="file.separator" value="\"/>
    <property name="basedir" value="D:\Users\tom.poyeau\Documents\Projets\Enregistremans\register"/>
    <property name="java.vm.compressedOopsMode" value="Zero based"/>
    <property name="line.separator" value="&#10;"/>
    <property name="java.vm.specification.vendor" value="Oracle Corporation"/>
    <property name="java.specification.name" value="Java Platform API Specification"/>
    <property name="FILE_LOG_CHARSET" value="windows-1252"/>
    <property name="java.awt.headless" value="true"/>
    <property name="surefire.real.class.path" value="D:\Users\tom.poyeau\AppData\Local\Temp\surefire12283634197312779317\surefirebooter-20231010103903155_3.jar"/>
    <property name="user.script" value=""/>
    <property name="sun.management.compiler" value="HotSpot 64-Bit Tiered Compilers"/>
    <property name="java.runtime.version" value="17.0.8.1+8-LTS"/>
    <property name="user.name" value="tom.poyeau"/>
    <property name="path.separator" value=";"/>
    <property name="os.version" value="10.0"/>
    <property name="java.runtime.name" value="OpenJDK Runtime Environment"/>
    <property name="file.encoding" value="Cp1252"/>
    <property name="java.vm.name" value="OpenJDK 64-Bit Server VM"/>
    <property name="java.vendor.version" value="Corretto-17.0.8.8.1"/>
    <property name="localRepository" value="D:\Users\tom.poyeau\.m2\repository"/>
    <property name="java.vendor.url.bug" value="https://github.com/corretto/corretto-17/issues/"/>
    <property name="java.io.tmpdir" value="D:\Users\tom.poyeau\AppData\Local\Temp\"/>
    <property name="idea.version" value="2023.2.2"/>
    <property name="com.zaxxer.hikari.pool_number" value="1"/>
    <property name="java.version" value="17.0.8.1"/>
    <property name="user.dir" value="D:\Users\tom.poyeau\Documents\Projets\Enregistremans\register"/>
    <property name="os.arch" value="amd64"/>
    <property name="java.vm.specification.name" value="Java Virtual Machine Specification"/>
    <property name="PID" value="20296"/>
    <property name="sun.os.patch.level" value=""/>
    <property name="CONSOLE_LOG_CHARSET" value="windows-1252"/>
    <property name="native.encoding" value="Cp1252"/>
    <property name="java.library.path" value="D:\Users\tom.poyeau\.jdks\corretto-17.0.8.1\bin;C:\windows\Sun\Java\bin;C:\windows\system32;C:\windows;C:\Program Files (x86)\Common Files\Oracle\Java\javapath;C:\windows\system32;C:\windows;C:\windows\System32\Wbem;C:\windows\System32\WindowsPowerShell\v1.0\;C:\Program Files\SafeNet\Authentication\SAC\x64;C:\Program Files\SafeNet\Authentication\SAC\x32;C:\Program Files\PuTTY\;C:\Program Files\dotnet\;C:\Program Files\Git\cmd;C:\Program Files\nodejs\;C:\Program Files\Microsoft SQL Server\150\Tools\Binn\;C:\Program Files\Microsoft SQL Server\Client SDK\ODBC\170\Tools\Binn\;C:\Program Files\Docker\Docker\resources\bin;D:\Users\tom.poyeau\AppData\Local\Microsoft\WindowsApps;;D:\Users\tom.poyeau\AppData\Local\Programs\Microsoft VS Code\bin;D:\Users\tom.poyeau\AppData\Roaming\npm;D:\Users\tom.poyeau\.dotnet\tools;C:\Program Files\JetBrains\IntelliJ IDEA Educational Edition 2022.2.2\bin;;C:\Program Files\JetBrains\IntelliJ IDEA Community Edition 2023.2.2\bin;;."/>
    <property name="java.vm.info" value="mixed mode, sharing"/>
    <property name="java.vendor" value="Amazon.com Inc."/>
    <property name="java.vm.version" value="17.0.8.1+8-LTS"/>
    <property name="sun.io.unicode.encoding" value="UnicodeLittle"/>
    <property name="java.class.version" value="61.0"/>
  </properties>
  <testcase name="contextLoads" classname="fr.sii.register.RegisterApplicationTests" time="0.55">
    <system-out><![CDATA[10:39:04.008 [main] INFO org.springframework.test.context.support.AnnotationConfigContextLoaderUtils -- Could not detect default configuration classes for test class [fr.sii.register.RegisterApplicationTests]: RegisterApplicationTests does not declare any static, non-private, non-final, nested classes annotated with @Configuration.
10:39:04.116 [main] INFO org.springframework.boot.test.context.SpringBootTestContextBootstrapper -- Found @SpringBootConfiguration fr.sii.register.RegisterApplication for test class fr.sii.register.RegisterApplicationTests

  .   ____          _            __ _ _
 /\\ / ___'_ __ _ _(_)_ __  __ _ \ \ \ \
( ( )\___ | '_ | '_| | '_ \/ _` | \ \ \ \
 \\/  ___)| |_)| | | | | || (_| |  ) ) ) )
  '  |____| .__|_| |_|_| |_\__, | / / / /
 =========|_|==============|___/=/_/_/_/
 :: Spring Boot ::                (v3.1.4)

2023-10-10T10:39:04.523+02:00  INFO 20296 --- [           main] f.sii.register.RegisterApplicationTests  : Starting RegisterApplicationTests using Java 17.0.8.1 with PID 20296 (started by tom.poyeau in D:\Users\tom.poyeau\Documents\Projets\Enregistremans\register)
2023-10-10T10:39:04.525+02:00  INFO 20296 --- [           main] f.sii.register.RegisterApplicationTests  : No active profile set, falling back to 1 default profile: "default"
2023-10-10T10:39:05.158+02:00  INFO 20296 --- [           main] .s.d.r.c.RepositoryConfigurationDelegate : Bootstrapping Spring Data JPA repositories in DEFAULT mode.
2023-10-10T10:39:05.215+02:00  INFO 20296 --- [           main] .s.d.r.c.RepositoryConfigurationDelegate : Finished Spring Data repository scanning in 49 ms. Found 2 JPA repository interfaces.
2023-10-10T10:39:05.730+02:00  INFO 20296 --- [           main] o.hibernate.jpa.internal.util.LogHelper  : HHH000204: Processing PersistenceUnitInfo [name: default]
2023-10-10T10:39:05.796+02:00  INFO 20296 --- [           main] org.hibernate.Version                    : HHH000412: Hibernate ORM core version 6.2.9.Final
2023-10-10T10:39:05.798+02:00  INFO 20296 --- [           main] org.hibernate.cfg.Environment            : HHH000406: Using bytecode reflection optimizer
2023-10-10T10:39:05.942+02:00  INFO 20296 --- [           main] o.h.b.i.BytecodeProviderInitiator        : HHH000021: Bytecode provider name : bytebuddy
2023-10-10T10:39:06.111+02:00  INFO 20296 --- [           main] o.s.o.j.p.SpringPersistenceUnitInfo      : No LoadTimeWeaver setup: ignoring JPA class transformer
2023-10-10T10:39:06.128+02:00  INFO 20296 --- [           main] com.zaxxer.hikari.HikariDataSource       : HikariPool-1 - Starting...
2023-10-10T10:39:06.377+02:00  INFO 20296 --- [           main] com.zaxxer.hikari.pool.HikariPool        : HikariPool-1 - Added connection conn0: url=jdbc:h2:mem:634481b9-b04d-4062-8bf2-6f381a807fb9 user=SA
2023-10-10T10:39:06.379+02:00  INFO 20296 --- [           main] com.zaxxer.hikari.HikariDataSource       : HikariPool-1 - Start completed.
2023-10-10T10:39:06.712+02:00  INFO 20296 --- [           main] o.h.b.i.BytecodeProviderInitiator        : HHH000021: Bytecode provider name : bytebuddy
2023-10-10T10:39:07.131+02:00  INFO 20296 --- [           main] o.h.m.i.EntityInstantiatorPojoStandard   : HHH000182: No default (no-argument) constructor for class: fr.sii.register.model.Register (class must be instantiated by Interceptor)
2023-10-10T10:39:07.286+02:00  INFO 20296 --- [           main] o.h.e.t.j.p.i.JtaPlatformInitiator       : HHH000490: Using JtaPlatform implementation: [org.hibernate.engine.transaction.jta.platform.internal.NoJtaPlatform]
2023-10-10T10:39:07.338+02:00  INFO 20296 --- [           main] j.LocalContainerEntityManagerFactoryBean : Initialized JPA EntityManagerFactory for persistence unit 'default'
2023-10-10T10:39:07.742+02:00  WARN 20296 --- [           main] JpaBaseConfiguration$JpaWebConfiguration : spring.jpa.open-in-view is enabled by default. Therefore, database queries may be performed during view rendering. Explicitly configure spring.jpa.open-in-view to disable this warning
2023-10-10T10:39:08.113+02:00  INFO 20296 --- [           main] f.sii.register.RegisterApplicationTests  : Started RegisterApplicationTests in 3.83 seconds (process running for 4.794)
]]></system-out>
  </testcase>
</testsuite>